<?xml version="1.0" encoding="UTF-8"?>
<testng-results skipped="0" failed="0" ignored="0" total="20" passed="20">
  <reporter-output>
  </reporter-output>
  <suite name="book-flight-module" duration-ms="60315" started-at="2021-07-19T21:35:21 GMT" finished-at="2021-07-19T21:36:22 GMT">
    <groups>
    </groups>
    <test name="book-flight-4" duration-ms="14241" started-at="2021-07-19T21:35:21 GMT" finished-at="2021-07-19T21:35:35 GMT">
      <class name="com.newtours.tests.BookFlightTest">
        <test-method status="PASS" signature="setupDriver(org.testng.ITestContext)[pri:0, instance:com.newtours.tests.BookFlightTest@6adede5]" name="setupDriver" is-config="true" duration-ms="3745" started-at="2021-07-19T21:35:21 GMT" finished-at="2021-07-19T21:35:25 GMT">
          <params>
            <param index="0">
              <value>
                <![CDATA[org.testng.TestRunner@1f554b06]]>
              </value>
            </param>
          </params>
          <reporter-output>
          </reporter-output>
        </test-method> <!-- setupDriver -->
        <test-method status="PASS" signature="setupParameters(java.lang.String,java.lang.String)[pri:0, instance:com.newtours.tests.BookFlightTest@6adede5]" name="setupParameters" is-config="true" duration-ms="1" started-at="2021-07-19T21:35:25 GMT" depends-on-methods="com.tests.BaseTest.setupDriver" finished-at="2021-07-19T21:35:25 GMT">
          <params>
            <param index="0">
              <value>
                <![CDATA[4]]>
              </value>
            </param>
            <param index="1">
              <value>
                <![CDATA[$2338 USD]]>
              </value>
            </param>
          </params>
          <reporter-output>
          </reporter-output>
        </test-method> <!-- setupParameters -->
        <test-method status="PASS" signature="registrationPageTest()[pri:0, instance:com.newtours.tests.BookFlightTest@6adede5]" name="registrationPageTest" duration-ms="6993" started-at="2021-07-19T21:35:25 GMT" finished-at="2021-07-19T21:35:32 GMT">
          <reporter-output>
          </reporter-output>
        </test-method> <!-- registrationPageTest -->
        <test-method status="PASS" signature="registrationConfirmationPageTest()[pri:0, instance:com.newtours.tests.BookFlightTest@6adede5]" name="registrationConfirmationPageTest" duration-ms="323" started-at="2021-07-19T21:35:32 GMT" depends-on-methods="com.newtours.tests.BookFlightTest.registrationPageTest" finished-at="2021-07-19T21:35:32 GMT">
          <reporter-output>
          </reporter-output>
        </test-method> <!-- registrationConfirmationPageTest -->
        <test-method status="PASS" signature="flightDetailsPageTest()[pri:0, instance:com.newtours.tests.BookFlightTest@6adede5]" name="flightDetailsPageTest" duration-ms="1832" started-at="2021-07-19T21:35:32 GMT" depends-on-methods="com.newtours.tests.BookFlightTest.registrationConfirmationPageTest" finished-at="2021-07-19T21:35:34 GMT">
          <reporter-output>
          </reporter-output>
        </test-method> <!-- flightDetailsPageTest -->
        <test-method status="PASS" signature="findFlightPageTest()[pri:0, instance:com.newtours.tests.BookFlightTest@6adede5]" name="findFlightPageTest" duration-ms="546" started-at="2021-07-19T21:35:34 GMT" depends-on-methods="com.newtours.tests.BookFlightTest.flightDetailsPageTest" finished-at="2021-07-19T21:35:35 GMT">
          <reporter-output>
          </reporter-output>
        </test-method> <!-- findFlightPageTest -->
        <test-method status="PASS" signature="flightConfirmationPageTest()[pri:0, instance:com.newtours.tests.BookFlightTest@6adede5]" name="flightConfirmationPageTest" duration-ms="474" started-at="2021-07-19T21:35:35 GMT" depends-on-methods="com.newtours.tests.BookFlightTest.findFlightPageTest" finished-at="2021-07-19T21:35:35 GMT">
          <reporter-output>
          </reporter-output>
        </test-method> <!-- flightConfirmationPageTest -->
        <test-method status="PASS" signature="quitDriver()[pri:0, instance:com.newtours.tests.BookFlightTest@6adede5]" name="quitDriver" is-config="true" duration-ms="269" started-at="2021-07-19T21:35:35 GMT" finished-at="2021-07-19T21:35:35 GMT">
          <reporter-output>
          </reporter-output>
        </test-method> <!-- quitDriver -->
      </class> <!-- com.newtours.tests.BookFlightTest -->
    </test> <!-- book-flight-4 -->
    <test name="book-flight-3" duration-ms="29823" started-at="2021-07-19T21:35:21 GMT" finished-at="2021-07-19T21:35:51 GMT">
      <class name="com.newtours.tests.BookFlightTest">
        <test-method status="PASS" signature="setupDriver(org.testng.ITestContext)[pri:0, instance:com.newtours.tests.BookFlightTest@69ea3742]" name="setupDriver" is-config="true" duration-ms="15386" started-at="2021-07-19T21:35:21 GMT" finished-at="2021-07-19T21:35:37 GMT">
          <params>
            <param index="0">
              <value>
                <![CDATA[org.testng.TestRunner@614ddd49]]>
              </value>
            </param>
          </params>
          <reporter-output>
          </reporter-output>
        </test-method> <!-- setupDriver -->
        <test-method status="PASS" signature="setupParameters(java.lang.String,java.lang.String)[pri:0, instance:com.newtours.tests.BookFlightTest@69ea3742]" name="setupParameters" is-config="true" duration-ms="1" started-at="2021-07-19T21:35:37 GMT" depends-on-methods="com.tests.BaseTest.setupDriver" finished-at="2021-07-19T21:35:37 GMT">
          <params>
            <param index="0">
              <value>
                <![CDATA[3]]>
              </value>
            </param>
            <param index="1">
              <value>
                <![CDATA[$1753 USD]]>
              </value>
            </param>
          </params>
          <reporter-output>
          </reporter-output>
        </test-method> <!-- setupParameters -->
        <test-method status="PASS" signature="registrationPageTest()[pri:0, instance:com.newtours.tests.BookFlightTest@69ea3742]" name="registrationPageTest" duration-ms="11160" started-at="2021-07-19T21:35:37 GMT" finished-at="2021-07-19T21:35:48 GMT">
          <reporter-output>
          </reporter-output>
        </test-method> <!-- registrationPageTest -->
        <test-method status="PASS" signature="registrationConfirmationPageTest()[pri:0, instance:com.newtours.tests.BookFlightTest@69ea3742]" name="registrationConfirmationPageTest" duration-ms="267" started-at="2021-07-19T21:35:48 GMT" depends-on-methods="com.newtours.tests.BookFlightTest.registrationPageTest" finished-at="2021-07-19T21:35:48 GMT">
          <reporter-output>
          </reporter-output>
        </test-method> <!-- registrationConfirmationPageTest -->
        <test-method status="PASS" signature="flightDetailsPageTest()[pri:0, instance:com.newtours.tests.BookFlightTest@69ea3742]" name="flightDetailsPageTest" duration-ms="1775" started-at="2021-07-19T21:35:48 GMT" depends-on-methods="com.newtours.tests.BookFlightTest.registrationConfirmationPageTest" finished-at="2021-07-19T21:35:50 GMT">
          <reporter-output>
          </reporter-output>
        </test-method> <!-- flightDetailsPageTest -->
        <test-method status="PASS" signature="findFlightPageTest()[pri:0, instance:com.newtours.tests.BookFlightTest@69ea3742]" name="findFlightPageTest" duration-ms="515" started-at="2021-07-19T21:35:50 GMT" depends-on-methods="com.newtours.tests.BookFlightTest.flightDetailsPageTest" finished-at="2021-07-19T21:35:50 GMT">
          <reporter-output>
          </reporter-output>
        </test-method> <!-- findFlightPageTest -->
        <test-method status="PASS" signature="flightConfirmationPageTest()[pri:0, instance:com.newtours.tests.BookFlightTest@69ea3742]" name="flightConfirmationPageTest" duration-ms="567" started-at="2021-07-19T21:35:50 GMT" depends-on-methods="com.newtours.tests.BookFlightTest.findFlightPageTest" finished-at="2021-07-19T21:35:51 GMT">
          <reporter-output>
          </reporter-output>
        </test-method> <!-- flightConfirmationPageTest -->
        <test-method status="PASS" signature="quitDriver()[pri:0, instance:com.newtours.tests.BookFlightTest@69ea3742]" name="quitDriver" is-config="true" duration-ms="132" started-at="2021-07-19T21:35:51 GMT" finished-at="2021-07-19T21:35:51 GMT">
          <reporter-output>
          </reporter-output>
        </test-method> <!-- quitDriver -->
      </class> <!-- com.newtours.tests.BookFlightTest -->
    </test> <!-- book-flight-3 -->
    <test name="book-flight-5" duration-ms="44098" started-at="2021-07-19T21:35:21 GMT" finished-at="2021-07-19T21:36:05 GMT">
      <class name="com.newtours.tests.BookFlightTest">
        <test-method status="PASS" signature="setupDriver(org.testng.ITestContext)[pri:0, instance:com.newtours.tests.BookFlightTest@64bf3bbf]" name="setupDriver" is-config="true" duration-ms="31651" started-at="2021-07-19T21:35:21 GMT" finished-at="2021-07-19T21:35:53 GMT">
          <params>
            <param index="0">
              <value>
                <![CDATA[org.testng.TestRunner@694e1548]]>
              </value>
            </param>
          </params>
          <reporter-output>
          </reporter-output>
        </test-method> <!-- setupDriver -->
        <test-method status="PASS" signature="setupParameters(java.lang.String,java.lang.String)[pri:0, instance:com.newtours.tests.BookFlightTest@64bf3bbf]" name="setupParameters" is-config="true" duration-ms="1" started-at="2021-07-19T21:35:53 GMT" depends-on-methods="com.tests.BaseTest.setupDriver" finished-at="2021-07-19T21:35:53 GMT">
          <params>
            <param index="0">
              <value>
                <![CDATA[1]]>
              </value>
            </param>
            <param index="1">
              <value>
                <![CDATA[$584 USD]]>
              </value>
            </param>
          </params>
          <reporter-output>
          </reporter-output>
        </test-method> <!-- setupParameters -->
        <test-method status="PASS" signature="registrationPageTest()[pri:0, instance:com.newtours.tests.BookFlightTest@64bf3bbf]" name="registrationPageTest" duration-ms="6031" started-at="2021-07-19T21:35:53 GMT" finished-at="2021-07-19T21:35:59 GMT">
          <reporter-output>
          </reporter-output>
        </test-method> <!-- registrationPageTest -->
        <test-method status="PASS" signature="registrationConfirmationPageTest()[pri:0, instance:com.newtours.tests.BookFlightTest@64bf3bbf]" name="registrationConfirmationPageTest" duration-ms="287" started-at="2021-07-19T21:35:59 GMT" depends-on-methods="com.newtours.tests.BookFlightTest.registrationPageTest" finished-at="2021-07-19T21:35:59 GMT">
          <reporter-output>
          </reporter-output>
        </test-method> <!-- registrationConfirmationPageTest -->
        <test-method status="PASS" signature="flightDetailsPageTest()[pri:0, instance:com.newtours.tests.BookFlightTest@64bf3bbf]" name="flightDetailsPageTest" duration-ms="1770" started-at="2021-07-19T21:35:59 GMT" depends-on-methods="com.newtours.tests.BookFlightTest.registrationConfirmationPageTest" finished-at="2021-07-19T21:36:01 GMT">
          <reporter-output>
          </reporter-output>
        </test-method> <!-- flightDetailsPageTest -->
        <test-method status="PASS" signature="findFlightPageTest()[pri:0, instance:com.newtours.tests.BookFlightTest@64bf3bbf]" name="findFlightPageTest" duration-ms="2090" started-at="2021-07-19T21:36:01 GMT" depends-on-methods="com.newtours.tests.BookFlightTest.flightDetailsPageTest" finished-at="2021-07-19T21:36:03 GMT">
          <reporter-output>
          </reporter-output>
        </test-method> <!-- findFlightPageTest -->
        <test-method status="PASS" signature="flightConfirmationPageTest()[pri:0, instance:com.newtours.tests.BookFlightTest@64bf3bbf]" name="flightConfirmationPageTest" duration-ms="1992" started-at="2021-07-19T21:36:03 GMT" depends-on-methods="com.newtours.tests.BookFlightTest.findFlightPageTest" finished-at="2021-07-19T21:36:05 GMT">
          <reporter-output>
          </reporter-output>
        </test-method> <!-- flightConfirmationPageTest -->
        <test-method status="PASS" signature="quitDriver()[pri:0, instance:com.newtours.tests.BookFlightTest@64bf3bbf]" name="quitDriver" is-config="true" duration-ms="259" started-at="2021-07-19T21:36:05 GMT" finished-at="2021-07-19T21:36:05 GMT">
          <reporter-output>
          </reporter-output>
        </test-method> <!-- quitDriver -->
      </class> <!-- com.newtours.tests.BookFlightTest -->
    </test> <!-- book-flight-5 -->
    <test name="book-flight-2" duration-ms="60315" started-at="2021-07-19T21:35:21 GMT" finished-at="2021-07-19T21:36:22 GMT">
      <class name="com.newtours.tests.BookFlightTest">
        <test-method status="PASS" signature="setupDriver(org.testng.ITestContext)[pri:0, instance:com.newtours.tests.BookFlightTest@4667ae56]" name="setupDriver" is-config="true" duration-ms="47384" started-at="2021-07-19T21:35:21 GMT" finished-at="2021-07-19T21:36:09 GMT">
          <params>
            <param index="0">
              <value>
                <![CDATA[org.testng.TestRunner@76707e36]]>
              </value>
            </param>
          </params>
          <reporter-output>
          </reporter-output>
        </test-method> <!-- setupDriver -->
        <test-method status="PASS" signature="setupParameters(java.lang.String,java.lang.String)[pri:0, instance:com.newtours.tests.BookFlightTest@4667ae56]" name="setupParameters" is-config="true" duration-ms="1" started-at="2021-07-19T21:36:09 GMT" depends-on-methods="com.tests.BaseTest.setupDriver" finished-at="2021-07-19T21:36:09 GMT">
          <params>
            <param index="0">
              <value>
                <![CDATA[2]]>
              </value>
            </param>
            <param index="1">
              <value>
                <![CDATA[$1169 USD]]>
              </value>
            </param>
          </params>
          <reporter-output>
          </reporter-output>
        </test-method> <!-- setupParameters -->
        <test-method status="PASS" signature="registrationPageTest()[pri:0, instance:com.newtours.tests.BookFlightTest@4667ae56]" name="registrationPageTest" duration-ms="9641" started-at="2021-07-19T21:36:09 GMT" finished-at="2021-07-19T21:36:18 GMT">
          <reporter-output>
          </reporter-output>
        </test-method> <!-- registrationPageTest -->
        <test-method status="PASS" signature="registrationConfirmationPageTest()[pri:0, instance:com.newtours.tests.BookFlightTest@4667ae56]" name="registrationConfirmationPageTest" duration-ms="253" started-at="2021-07-19T21:36:18 GMT" depends-on-methods="com.newtours.tests.BookFlightTest.registrationPageTest" finished-at="2021-07-19T21:36:19 GMT">
          <reporter-output>
          </reporter-output>
        </test-method> <!-- registrationConfirmationPageTest -->
        <test-method status="PASS" signature="flightDetailsPageTest()[pri:0, instance:com.newtours.tests.BookFlightTest@4667ae56]" name="flightDetailsPageTest" duration-ms="1790" started-at="2021-07-19T21:36:19 GMT" depends-on-methods="com.newtours.tests.BookFlightTest.registrationConfirmationPageTest" finished-at="2021-07-19T21:36:20 GMT">
          <reporter-output>
          </reporter-output>
        </test-method> <!-- flightDetailsPageTest -->
        <test-method status="PASS" signature="findFlightPageTest()[pri:0, instance:com.newtours.tests.BookFlightTest@4667ae56]" name="findFlightPageTest" duration-ms="656" started-at="2021-07-19T21:36:20 GMT" depends-on-methods="com.newtours.tests.BookFlightTest.flightDetailsPageTest" finished-at="2021-07-19T21:36:21 GMT">
          <reporter-output>
          </reporter-output>
        </test-method> <!-- findFlightPageTest -->
        <test-method status="PASS" signature="flightConfirmationPageTest()[pri:0, instance:com.newtours.tests.BookFlightTest@4667ae56]" name="flightConfirmationPageTest" duration-ms="505" started-at="2021-07-19T21:36:21 GMT" depends-on-methods="com.newtours.tests.BookFlightTest.findFlightPageTest" finished-at="2021-07-19T21:36:21 GMT">
          <reporter-output>
          </reporter-output>
        </test-method> <!-- flightConfirmationPageTest -->
        <test-method status="PASS" signature="quitDriver()[pri:0, instance:com.newtours.tests.BookFlightTest@4667ae56]" name="quitDriver" is-config="true" duration-ms="66" started-at="2021-07-19T21:36:22 GMT" finished-at="2021-07-19T21:36:22 GMT">
          <reporter-output>
          </reporter-output>
        </test-method> <!-- quitDriver -->
      </class> <!-- com.newtours.tests.BookFlightTest -->
    </test> <!-- book-flight-2 -->
  </suite> <!-- book-flight-module -->
</testng-results>
